14:07:34.191 [main] INFO  - Goto my account-->Click on Login.. 
14:07:34.883 [main] INFO  - Entering email and password.. 
14:07:35.559 [main] INFO  - clicked on login button...
15:21:51.876 [main] INFO  - Goto my account-->Click on Login.. 
15:21:53.135 [main] INFO  - Entering email and password.. 
15:21:54.620 [main] INFO  - clicked on login button...
15:32:55.009 [main] INFO  - Goto my account-->Click on Login.. 
15:32:55.760 [main] INFO  - Entering email and password.. 
15:32:56.517 [main] INFO  - clicked on login button...
15:44:58.490 [main] INFO  - Goto my account-->Click on Login.. 
15:44:59.375 [main] INFO  - Entering email and password.. 
15:45:00.720 [main] INFO  - clicked on login button...
11:24:02.941 [pool-3-thread-1] INFO  - Goto my account-->Click on Login.. 
11:24:03.761 [pool-3-thread-1] INFO  - Entering email and password.. 
11:24:06.101 [pool-3-thread-1] INFO  - clicked on login button...
11:25:07.956 [main] INFO  - Goto my account-->Click on Login.. 
11:25:08.604 [main] INFO  - Entering email and password.. 
11:25:09.732 [main] INFO  - clicked on login button...
11:27:34.728 [main] INFO  - Goto my account-->Click on Login.. 
11:27:35.361 [main] INFO  - Entering email and password.. 
11:27:36.283 [main] INFO  - clicked on login button...
11:28:39.062 [pool-3-thread-1] INFO  - Goto my account-->Click on Login.. 
11:28:39.709 [pool-3-thread-1] INFO  - Entering email and password.. 
11:28:41.527 [pool-3-thread-1] INFO  - clicked on login button...
11:30:58.762 [main] INFO  - Goto my account-->Click on Login.. 
11:30:59.506 [main] INFO  - Entering email and password.. 
11:31:00.817 [main] INFO  - clicked on login button...
11:32:42.541 [main] INFO  - Goto my account-->Click on Login.. 
11:32:46.118 [main] INFO  - Entering email and password.. 
11:32:47.244 [main] INFO  - clicked on login button...
11:34:08.134 [main] INFO  - Goto my account-->Click on Login.. 
11:34:08.801 [main] INFO  - Entering email and password.. 
11:34:10.471 [main] INFO  - clicked on login button...
11:45:34.561 [main] INFO  - Goto my account-->Click on Login.. 
11:45:35.241 [main] INFO  - Entering email and password.. 
11:45:36.544 [main] INFO  - clicked on login button...
11:48:32.063 [main] INFO  - Goto my account-->Click on Login.. 
11:48:32.749 [main] INFO  - Entering email and password.. 
11:48:34.206 [main] INFO  - clicked on login button...
12:19:09.362 [main] INFO  - Goto my account-->Click on Login.. 
12:19:10.371 [main] INFO  - Entering email and password.. 
12:19:11.738 [main] INFO  - clicked on login button...
12:24:14.670 [main] INFO  - Goto my account-->Click on Login.. 
12:24:15.551 [main] INFO  - Entering email and password.. 
12:24:16.857 [main] INFO  - clicked on login button...
12:25:59.705 [main] INFO  - Goto my account-->Click on Login.. 
12:26:00.443 [main] INFO  - Entering email and password.. 
12:26:01.724 [main] INFO  - clicked on login button...
12:40:21.946 [main] INFO  - Goto my account-->Click on Login.. 
12:40:22.616 [main] INFO  - Entering email and password.. 
12:40:24.212 [main] INFO  - clicked on login button...
12:48:13.135 [main] INFO  - Goto my account-->Click on Login.. 
12:48:14.187 [main] INFO  - Entering email and password.. 
12:48:15.338 [main] INFO  - clicked on login button...
07:20:02.541 [main] INFO  - Goto my account-->Click on Login.. 
07:20:03.687 [main] INFO  - Entering email and password.. 
07:20:04.885 [main] INFO  - clicked on login button...
07:26:07.255 [main] INFO  - Goto my account-->Click on Login.. 
07:26:08.073 [main] INFO  - Entering email and password.. 
07:26:08.937 [main] INFO  - clicked on login button...
07:27:45.855 [main] INFO  - Goto my account-->Click on Login.. 
07:27:46.685 [main] INFO  - Entering email and password.. 
07:27:47.506 [main] INFO  - clicked on login button...
07:42:18.774 [main] INFO  - Goto my account-->Click on Login.. 
07:42:19.621 [main] INFO  - Entering email and password.. 
07:42:20.495 [main] INFO  - clicked on login button...
07:44:30.850 [main] INFO  - Goto my account-->Click on Login.. 
07:44:31.695 [main] INFO  - Entering email and password.. 
07:44:32.578 [main] INFO  - clicked on login button...
07:46:04.249 [main] INFO  - Goto my account-->Click on Login.. 
07:46:05.043 [main] INFO  - Entering email and password.. 
07:46:05.916 [main] INFO  - clicked on login button...
07:52:55.919 [main] INFO  - Goto my account-->Click on Login.. 
07:52:56.718 [main] INFO  - Entering email and password.. 
07:52:57.593 [main] INFO  - clicked on login button...
11:28:07.269 [main] INFO  - Goto my account-->Click on Login.. 
11:28:07.895 [main] INFO  - Entering email and password.. 
11:28:09.263 [main] INFO  - clicked on login button...
11:55:06.701 [main] INFO  - Goto my account-->Click on Login.. 
11:55:07.815 [main] INFO  - Entering email and password.. 
11:55:09.927 [main] INFO  - clicked on login button...
19:51:13.502 [main] INFO  - Goto my account-->Click on Login.. 
19:51:14.875 [main] INFO  - Entering email and password.. 
19:51:17.015 [main] INFO  - clicked on login button...
10:44:47.729 [main] INFO  - Goto my account-->Click on Login.. 
10:44:49.465 [main] DEBUG - Parsing relationship: /xl/_rels/workbook.xml.rels
10:44:49.475 [main] DEBUG - Parsing relationship: /xl/worksheets/_rels/sheet1.xml.rels
10:44:49.481 [main] DEBUG - Parsing relationship: /_rels/.rels
10:44:49.981 [main] TRACE - Loading type system org.apache.poi.schemas.ooxml.system.ooxml
10:44:49.989 [main] TRACE - Loading type system org.apache.xmlbeans.metadata.system.sXMLCONFIG
10:44:49.993 [main] TRACE - Loading type system org.apache.xmlbeans.metadata.system.sXMLLANG
10:44:49.993 [main] TRACE - Loading type system org.apache.xmlbeans.metadata.system.sXMLSCHEMA
10:44:49.994 [main] TRACE - Loading type system org.apache.xmlbeans.metadata.system.sXMLTOOLS
10:44:49.997 [main] TRACE - Reading unresolved handles for type system org.apache.xmlbeans.metadata.system.sXMLTOOLS
10:44:50.027 [main] TRACE - Finished loading type system org.apache.xmlbeans.metadata.system.sXMLTOOLS
10:44:50.030 [main] TRACE - Reading unresolved handles for type system org.apache.xmlbeans.metadata.system.sXMLSCHEMA
10:44:50.041 [main] TRACE - Finished loading type system org.apache.xmlbeans.metadata.system.sXMLSCHEMA
10:44:50.044 [main] TRACE - Reading unresolved handles for type system org.apache.xmlbeans.metadata.system.sXMLLANG
10:44:50.047 [main] TRACE - Finished loading type system org.apache.xmlbeans.metadata.system.sXMLLANG
10:44:50.049 [main] TRACE - Reading unresolved handles for type system org.apache.xmlbeans.metadata.system.sXMLCONFIG
10:44:50.052 [main] TRACE - Finished loading type system org.apache.xmlbeans.metadata.system.sXMLCONFIG
10:44:50.055 [main] TRACE - Reading unresolved handles for type system org.apache.poi.schemas.ooxml.system.ooxml
10:44:50.198 [main] TRACE - Finished loading type system org.apache.poi.schemas.ooxml.system.ooxml
10:44:50.200 [main] TRACE - Resolving type for handle themefd26doctype
10:44:50.421 [main] TRACE - Resolving type for handle stylesheet5d8bdoctype
10:44:50.442 [main] TRACE - Resolving type for handle ctstylesheet4257type
10:44:50.457 [main] TRACE - Resolving type for handle ctfonts6623type
10:44:50.466 [main] TRACE - Resolving type for handle ctfont14d8type
10:44:50.486 [main] TRACE - Resolving type for handle ctfills2c6ftype
10:44:50.492 [main] TRACE - Resolving type for handle ctfill550ctype
10:44:50.497 [main] TRACE - Resolving type for handle ctborders0d66type
10:44:50.503 [main] TRACE - Resolving type for handle ctborderf935type
10:44:50.513 [main] TRACE - Resolving type for handle ctcellxfs1322type
10:44:50.520 [main] TRACE - Resolving type for handle ctxf97f7type
10:44:50.529 [main] TRACE - Resolving type for handle ctcellstylexfsa81ftype
10:44:50.533 [main] TRACE - Resolving type for handle ctdxfsb26atype
10:44:50.540 [main] TRACE - Resolving type for handle cttablestyles872ftype
10:44:50.549 [main] TRACE - Resolving type for handle sstf81fdoctype
10:44:50.559 [main] TRACE - Resolving type for handle ctsst44f3type
10:44:50.587 [main] TRACE - Resolving type for handle ctrsta472type
10:44:50.701 [main] DEBUG - using default POIXMLDocumentPart for http://schemas.openxmlformats.org/officeDocument/2006/relationships/printerSettings
10:44:50.703 [main] TRACE - Resolving type for handle workbookec17doctype
10:44:50.721 [main] TRACE - Resolving type for handle ctworkbook83c3type
10:44:50.733 [main] TRACE - Resolving type for handle ctsheets49fdtype
10:44:50.740 [main] TRACE - Resolving type for handle ctsheet4dbetype
10:44:50.747 [main] TRACE - Resolving type for handle strelationshipid1e94type
10:44:50.751 [main] TRACE - Resolving type for handle worksheetf539doctype
10:44:50.763 [main] TRACE - Resolving type for handle ctworksheet530dtype
10:44:50.788 [main] TRACE - Resolving type for handle ctcols627ctype
10:44:50.798 [main] TRACE - Resolving type for handle ctcola95ftype
10:44:50.863 [main] TRACE - Resolving type for handle ctsheetdata8408type
10:44:50.878 [main] TRACE - Resolving type for handle ctrowdd39type
10:44:50.904 [main] TRACE - Resolving type for handle ctcell842btype
10:44:50.941 [main] TRACE - Resolving type for handle stcellrefe4e0type
10:44:50.971 [main] TRACE - Resolving type for handle cthyperlinks6416type
10:44:50.984 [main] TRACE - Resolving type for handle cthyperlink0c85type
10:44:51.015 [main] TRACE - Resolving type for handle stxstringf179type
10:44:51.024 [main] TRACE - Resolving type for handle stcelltypebf95type
10:45:10.029 [main] INFO  - Goto my account-->Click on Login.. 
10:45:11.927 [main] DEBUG - Parsing relationship: /xl/_rels/workbook.xml.rels
10:45:11.933 [main] DEBUG - Parsing relationship: /xl/worksheets/_rels/sheet1.xml.rels
10:45:11.941 [main] DEBUG - Parsing relationship: /_rels/.rels
10:45:12.006 [main] DEBUG - using default POIXMLDocumentPart for http://schemas.openxmlformats.org/officeDocument/2006/relationships/printerSettings
10:45:22.925 [main] INFO  - Goto my account-->Click on Login.. 
10:45:24.201 [main] DEBUG - Parsing relationship: /xl/_rels/workbook.xml.rels
10:45:24.202 [main] DEBUG - Parsing relationship: /xl/worksheets/_rels/sheet1.xml.rels
10:45:24.211 [main] DEBUG - Parsing relationship: /_rels/.rels
10:45:24.258 [main] DEBUG - using default POIXMLDocumentPart for http://schemas.openxmlformats.org/officeDocument/2006/relationships/printerSettings
10:53:14.018 [main] INFO  - Goto my account-->Click on Login.. 
10:53:15.647 [main] DEBUG - Parsing relationship: /xl/_rels/workbook.xml.rels
10:53:15.653 [main] DEBUG - Parsing relationship: /xl/worksheets/_rels/sheet1.xml.rels
10:53:15.657 [main] DEBUG - Parsing relationship: /_rels/.rels
10:53:16.021 [main] TRACE - Loading type system org.apache.poi.schemas.ooxml.system.ooxml
10:53:16.030 [main] TRACE - Loading type system org.apache.xmlbeans.metadata.system.sXMLCONFIG
10:53:16.031 [main] TRACE - Loading type system org.apache.xmlbeans.metadata.system.sXMLLANG
10:53:16.035 [main] TRACE - Loading type system org.apache.xmlbeans.metadata.system.sXMLSCHEMA
10:53:16.035 [main] TRACE - Loading type system org.apache.xmlbeans.metadata.system.sXMLTOOLS
10:53:16.037 [main] TRACE - Reading unresolved handles for type system org.apache.xmlbeans.metadata.system.sXMLTOOLS
10:53:16.065 [main] TRACE - Finished loading type system org.apache.xmlbeans.metadata.system.sXMLTOOLS
10:53:16.065 [main] TRACE - Reading unresolved handles for type system org.apache.xmlbeans.metadata.system.sXMLSCHEMA
10:53:16.084 [main] TRACE - Finished loading type system org.apache.xmlbeans.metadata.system.sXMLSCHEMA
10:53:16.084 [main] TRACE - Reading unresolved handles for type system org.apache.xmlbeans.metadata.system.sXMLLANG
10:53:16.084 [main] TRACE - Finished loading type system org.apache.xmlbeans.metadata.system.sXMLLANG
10:53:16.084 [main] TRACE - Reading unresolved handles for type system org.apache.xmlbeans.metadata.system.sXMLCONFIG
10:53:16.095 [main] TRACE - Finished loading type system org.apache.xmlbeans.metadata.system.sXMLCONFIG
10:53:16.097 [main] TRACE - Reading unresolved handles for type system org.apache.poi.schemas.ooxml.system.ooxml
10:53:16.244 [main] TRACE - Finished loading type system org.apache.poi.schemas.ooxml.system.ooxml
10:53:16.244 [main] TRACE - Resolving type for handle themefd26doctype
10:53:16.416 [main] TRACE - Resolving type for handle stylesheet5d8bdoctype
10:53:16.441 [main] TRACE - Resolving type for handle ctstylesheet4257type
10:53:16.445 [main] TRACE - Resolving type for handle ctfonts6623type
10:53:16.445 [main] TRACE - Resolving type for handle ctfont14d8type
10:53:16.472 [main] TRACE - Resolving type for handle ctfills2c6ftype
10:53:16.476 [main] TRACE - Resolving type for handle ctfill550ctype
10:53:16.479 [main] TRACE - Resolving type for handle ctborders0d66type
10:53:16.479 [main] TRACE - Resolving type for handle ctborderf935type
10:53:16.493 [main] TRACE - Resolving type for handle ctcellxfs1322type
10:53:16.512 [main] TRACE - Resolving type for handle ctxf97f7type
10:53:16.519 [main] TRACE - Resolving type for handle ctcellstylexfsa81ftype
10:53:16.526 [main] TRACE - Resolving type for handle ctdxfsb26atype
10:53:16.526 [main] TRACE - Resolving type for handle cttablestyles872ftype
10:53:16.543 [main] TRACE - Resolving type for handle sstf81fdoctype
10:53:16.562 [main] TRACE - Resolving type for handle ctsst44f3type
10:53:16.583 [main] TRACE - Resolving type for handle ctrsta472type
10:53:16.642 [main] DEBUG - using default POIXMLDocumentPart for http://schemas.openxmlformats.org/officeDocument/2006/relationships/printerSettings
10:53:16.646 [main] TRACE - Resolving type for handle workbookec17doctype
10:53:16.656 [main] TRACE - Resolving type for handle ctworkbook83c3type
10:53:16.674 [main] TRACE - Resolving type for handle ctsheets49fdtype
10:53:16.679 [main] TRACE - Resolving type for handle ctsheet4dbetype
10:53:16.683 [main] TRACE - Resolving type for handle strelationshipid1e94type
10:53:16.685 [main] TRACE - Resolving type for handle worksheetf539doctype
10:53:16.699 [main] TRACE - Resolving type for handle ctworksheet530dtype
10:53:16.731 [main] TRACE - Resolving type for handle ctcols627ctype
10:53:16.740 [main] TRACE - Resolving type for handle ctcola95ftype
10:53:16.780 [main] TRACE - Resolving type for handle ctsheetdata8408type
10:53:16.782 [main] TRACE - Resolving type for handle ctrowdd39type
10:53:16.810 [main] TRACE - Resolving type for handle ctcell842btype
10:53:16.824 [main] TRACE - Resolving type for handle stcellrefe4e0type
10:53:16.834 [main] TRACE - Resolving type for handle cthyperlinks6416type
10:53:16.836 [main] TRACE - Resolving type for handle cthyperlink0c85type
10:53:16.849 [main] TRACE - Resolving type for handle stxstringf179type
10:53:16.861 [main] TRACE - Resolving type for handle stcelltypebf95type
10:53:28.872 [main] INFO  - Goto my account-->Click on Login.. 
10:53:30.157 [main] DEBUG - Parsing relationship: /xl/_rels/workbook.xml.rels
10:53:30.162 [main] DEBUG - Parsing relationship: /xl/worksheets/_rels/sheet1.xml.rels
10:53:30.164 [main] DEBUG - Parsing relationship: /_rels/.rels
10:53:30.207 [main] DEBUG - using default POIXMLDocumentPart for http://schemas.openxmlformats.org/officeDocument/2006/relationships/printerSettings
10:53:40.489 [main] INFO  - Goto my account-->Click on Login.. 
10:53:42.103 [main] DEBUG - Parsing relationship: /xl/_rels/workbook.xml.rels
10:53:42.105 [main] DEBUG - Parsing relationship: /xl/worksheets/_rels/sheet1.xml.rels
10:53:42.108 [main] DEBUG - Parsing relationship: /_rels/.rels
10:53:42.159 [main] DEBUG - using default POIXMLDocumentPart for http://schemas.openxmlformats.org/officeDocument/2006/relationships/printerSettings
10:58:05.962 [main] INFO  - Goto my account-->Click on Login.. 
10:58:07.464 [main] DEBUG - Parsing relationship: /xl/_rels/workbook.xml.rels
10:58:07.472 [main] DEBUG - Parsing relationship: /xl/worksheets/_rels/sheet1.xml.rels
10:58:07.481 [main] DEBUG - Parsing relationship: /_rels/.rels
10:58:07.777 [main] TRACE - Loading type system org.apache.poi.schemas.ooxml.system.ooxml
10:58:07.793 [main] TRACE - Loading type system org.apache.xmlbeans.metadata.system.sXMLCONFIG
10:58:07.793 [main] TRACE - Loading type system org.apache.xmlbeans.metadata.system.sXMLLANG
10:58:07.793 [main] TRACE - Loading type system org.apache.xmlbeans.metadata.system.sXMLSCHEMA
10:58:07.793 [main] TRACE - Loading type system org.apache.xmlbeans.metadata.system.sXMLTOOLS
10:58:07.793 [main] TRACE - Reading unresolved handles for type system org.apache.xmlbeans.metadata.system.sXMLTOOLS
10:58:07.828 [main] TRACE - Finished loading type system org.apache.xmlbeans.metadata.system.sXMLTOOLS
10:58:07.828 [main] TRACE - Reading unresolved handles for type system org.apache.xmlbeans.metadata.system.sXMLSCHEMA
10:58:07.847 [main] TRACE - Finished loading type system org.apache.xmlbeans.metadata.system.sXMLSCHEMA
10:58:07.847 [main] TRACE - Reading unresolved handles for type system org.apache.xmlbeans.metadata.system.sXMLLANG
10:58:07.847 [main] TRACE - Finished loading type system org.apache.xmlbeans.metadata.system.sXMLLANG
10:58:07.853 [main] TRACE - Reading unresolved handles for type system org.apache.xmlbeans.metadata.system.sXMLCONFIG
10:58:07.853 [main] TRACE - Finished loading type system org.apache.xmlbeans.metadata.system.sXMLCONFIG
10:58:07.857 [main] TRACE - Reading unresolved handles for type system org.apache.poi.schemas.ooxml.system.ooxml
10:58:07.992 [main] TRACE - Finished loading type system org.apache.poi.schemas.ooxml.system.ooxml
10:58:07.992 [main] TRACE - Resolving type for handle themefd26doctype
10:58:08.145 [main] TRACE - Resolving type for handle stylesheet5d8bdoctype
10:58:08.154 [main] TRACE - Resolving type for handle ctstylesheet4257type
10:58:08.162 [main] TRACE - Resolving type for handle ctfonts6623type
10:58:08.175 [main] TRACE - Resolving type for handle ctfont14d8type
10:58:08.188 [main] TRACE - Resolving type for handle ctfills2c6ftype
10:58:08.195 [main] TRACE - Resolving type for handle ctfill550ctype
10:58:08.199 [main] TRACE - Resolving type for handle ctborders0d66type
10:58:08.203 [main] TRACE - Resolving type for handle ctborderf935type
10:58:08.216 [main] TRACE - Resolving type for handle ctcellxfs1322type
10:58:08.223 [main] TRACE - Resolving type for handle ctxf97f7type
10:58:08.230 [main] TRACE - Resolving type for handle ctcellstylexfsa81ftype
10:58:08.230 [main] TRACE - Resolving type for handle ctdxfsb26atype
10:58:08.238 [main] TRACE - Resolving type for handle cttablestyles872ftype
10:58:08.238 [main] TRACE - Resolving type for handle sstf81fdoctype
10:58:08.256 [main] TRACE - Resolving type for handle ctsst44f3type
10:58:08.286 [main] TRACE - Resolving type for handle ctrsta472type
10:58:08.365 [main] DEBUG - using default POIXMLDocumentPart for http://schemas.openxmlformats.org/officeDocument/2006/relationships/printerSettings
10:58:08.367 [main] TRACE - Resolving type for handle workbookec17doctype
10:58:08.383 [main] TRACE - Resolving type for handle ctworkbook83c3type
10:58:08.397 [main] TRACE - Resolving type for handle ctsheets49fdtype
10:58:08.397 [main] TRACE - Resolving type for handle ctsheet4dbetype
10:58:08.397 [main] TRACE - Resolving type for handle strelationshipid1e94type
10:58:08.397 [main] TRACE - Resolving type for handle worksheetf539doctype
10:58:08.423 [main] TRACE - Resolving type for handle ctworksheet530dtype
10:58:08.448 [main] TRACE - Resolving type for handle ctcols627ctype
10:58:08.461 [main] TRACE - Resolving type for handle ctcola95ftype
10:58:08.498 [main] TRACE - Resolving type for handle ctsheetdata8408type
10:58:08.509 [main] TRACE - Resolving type for handle ctrowdd39type
10:58:08.525 [main] TRACE - Resolving type for handle ctcell842btype
10:58:08.531 [main] TRACE - Resolving type for handle stcellrefe4e0type
10:58:08.542 [main] TRACE - Resolving type for handle cthyperlinks6416type
10:58:08.551 [main] TRACE - Resolving type for handle cthyperlink0c85type
10:58:08.559 [main] TRACE - Resolving type for handle stxstringf179type
10:58:08.572 [main] TRACE - Resolving type for handle stcelltypebf95type
10:58:18.436 [main] INFO  - Goto my account-->Click on Login.. 
10:58:19.702 [main] DEBUG - Parsing relationship: /xl/_rels/workbook.xml.rels
10:58:19.706 [main] DEBUG - Parsing relationship: /xl/worksheets/_rels/sheet1.xml.rels
10:58:19.709 [main] DEBUG - Parsing relationship: /_rels/.rels
10:58:19.745 [main] DEBUG - using default POIXMLDocumentPart for http://schemas.openxmlformats.org/officeDocument/2006/relationships/printerSettings
10:58:30.124 [main] INFO  - Goto my account-->Click on Login.. 
10:58:31.206 [main] DEBUG - Parsing relationship: /xl/_rels/workbook.xml.rels
10:58:31.208 [main] DEBUG - Parsing relationship: /xl/worksheets/_rels/sheet1.xml.rels
10:58:31.212 [main] DEBUG - Parsing relationship: /_rels/.rels
10:58:31.262 [main] DEBUG - using default POIXMLDocumentPart for http://schemas.openxmlformats.org/officeDocument/2006/relationships/printerSettings
11:00:17.672 [main] INFO  - Goto my account-->Click on Login.. 
11:00:19.051 [main] DEBUG - Parsing relationship: /xl/_rels/workbook.xml.rels
11:00:19.053 [main] DEBUG - Parsing relationship: /xl/worksheets/_rels/sheet1.xml.rels
11:00:19.059 [main] DEBUG - Parsing relationship: /_rels/.rels
11:00:19.378 [main] TRACE - Loading type system org.apache.poi.schemas.ooxml.system.ooxml
11:00:19.381 [main] TRACE - Loading type system org.apache.xmlbeans.metadata.system.sXMLCONFIG
11:00:19.381 [main] TRACE - Loading type system org.apache.xmlbeans.metadata.system.sXMLLANG
11:00:19.381 [main] TRACE - Loading type system org.apache.xmlbeans.metadata.system.sXMLSCHEMA
11:00:19.381 [main] TRACE - Loading type system org.apache.xmlbeans.metadata.system.sXMLTOOLS
11:00:19.381 [main] TRACE - Reading unresolved handles for type system org.apache.xmlbeans.metadata.system.sXMLTOOLS
11:00:19.412 [main] TRACE - Finished loading type system org.apache.xmlbeans.metadata.system.sXMLTOOLS
11:00:19.415 [main] TRACE - Reading unresolved handles for type system org.apache.xmlbeans.metadata.system.sXMLSCHEMA
11:00:19.422 [main] TRACE - Finished loading type system org.apache.xmlbeans.metadata.system.sXMLSCHEMA
11:00:19.426 [main] TRACE - Reading unresolved handles for type system org.apache.xmlbeans.metadata.system.sXMLLANG
11:00:19.426 [main] TRACE - Finished loading type system org.apache.xmlbeans.metadata.system.sXMLLANG
11:00:19.426 [main] TRACE - Reading unresolved handles for type system org.apache.xmlbeans.metadata.system.sXMLCONFIG
11:00:19.426 [main] TRACE - Finished loading type system org.apache.xmlbeans.metadata.system.sXMLCONFIG
11:00:19.426 [main] TRACE - Reading unresolved handles for type system org.apache.poi.schemas.ooxml.system.ooxml
11:00:19.571 [main] TRACE - Finished loading type system org.apache.poi.schemas.ooxml.system.ooxml
11:00:19.572 [main] TRACE - Resolving type for handle themefd26doctype
11:00:19.762 [main] TRACE - Resolving type for handle stylesheet5d8bdoctype
11:00:19.776 [main] TRACE - Resolving type for handle ctstylesheet4257type
11:00:19.792 [main] TRACE - Resolving type for handle ctfonts6623type
11:00:19.792 [main] TRACE - Resolving type for handle ctfont14d8type
11:00:19.810 [main] TRACE - Resolving type for handle ctfills2c6ftype
11:00:19.810 [main] TRACE - Resolving type for handle ctfill550ctype
11:00:19.822 [main] TRACE - Resolving type for handle ctborders0d66type
11:00:19.824 [main] TRACE - Resolving type for handle ctborderf935type
11:00:19.832 [main] TRACE - Resolving type for handle ctcellxfs1322type
11:00:19.839 [main] TRACE - Resolving type for handle ctxf97f7type
11:00:19.860 [main] TRACE - Resolving type for handle ctcellstylexfsa81ftype
11:00:19.862 [main] TRACE - Resolving type for handle ctdxfsb26atype
11:00:19.872 [main] TRACE - Resolving type for handle cttablestyles872ftype
11:00:19.886 [main] TRACE - Resolving type for handle sstf81fdoctype
11:00:19.904 [main] TRACE - Resolving type for handle ctsst44f3type
11:00:19.917 [main] TRACE - Resolving type for handle ctrsta472type
11:00:19.986 [main] DEBUG - using default POIXMLDocumentPart for http://schemas.openxmlformats.org/officeDocument/2006/relationships/printerSettings
11:00:19.991 [main] TRACE - Resolving type for handle workbookec17doctype
11:00:20.002 [main] TRACE - Resolving type for handle ctworkbook83c3type
11:00:20.024 [main] TRACE - Resolving type for handle ctsheets49fdtype
11:00:20.028 [main] TRACE - Resolving type for handle ctsheet4dbetype
11:00:20.028 [main] TRACE - Resolving type for handle strelationshipid1e94type
11:00:20.028 [main] TRACE - Resolving type for handle worksheetf539doctype
11:00:20.051 [main] TRACE - Resolving type for handle ctworksheet530dtype
11:00:20.075 [main] TRACE - Resolving type for handle ctcols627ctype
11:00:20.075 [main] TRACE - Resolving type for handle ctcola95ftype
11:00:20.123 [main] TRACE - Resolving type for handle ctsheetdata8408type
11:00:20.139 [main] TRACE - Resolving type for handle ctrowdd39type
11:00:20.140 [main] TRACE - Resolving type for handle ctcell842btype
11:00:20.156 [main] TRACE - Resolving type for handle stcellrefe4e0type
11:00:20.169 [main] TRACE - Resolving type for handle cthyperlinks6416type
11:00:20.171 [main] TRACE - Resolving type for handle cthyperlink0c85type
11:00:20.193 [main] TRACE - Resolving type for handle stxstringf179type
11:00:20.204 [main] TRACE - Resolving type for handle stcelltypebf95type
11:00:30.717 [main] INFO  - Goto my account-->Click on Login.. 
11:00:31.851 [main] DEBUG - Parsing relationship: /xl/_rels/workbook.xml.rels
11:00:31.857 [main] DEBUG - Parsing relationship: /xl/worksheets/_rels/sheet1.xml.rels
11:00:31.864 [main] DEBUG - Parsing relationship: /_rels/.rels
11:00:31.911 [main] DEBUG - using default POIXMLDocumentPart for http://schemas.openxmlformats.org/officeDocument/2006/relationships/printerSettings
11:00:41.586 [main] INFO  - Goto my account-->Click on Login.. 
11:00:42.644 [main] DEBUG - Parsing relationship: /xl/_rels/workbook.xml.rels
11:00:42.648 [main] DEBUG - Parsing relationship: /xl/worksheets/_rels/sheet1.xml.rels
11:00:42.652 [main] DEBUG - Parsing relationship: /_rels/.rels
11:00:42.700 [main] DEBUG - using default POIXMLDocumentPart for http://schemas.openxmlformats.org/officeDocument/2006/relationships/printerSettings
11:00:53.093 [main] INFO  - Goto my account-->Click on Login.. 
11:00:54.641 [main] DEBUG - Parsing relationship: /xl/_rels/workbook.xml.rels
11:00:54.645 [main] DEBUG - Parsing relationship: /xl/worksheets/_rels/sheet1.xml.rels
11:00:54.652 [main] DEBUG - Parsing relationship: /_rels/.rels
11:00:54.716 [main] DEBUG - using default POIXMLDocumentPart for http://schemas.openxmlformats.org/officeDocument/2006/relationships/printerSettings
11:01:15.260 [main] INFO  - Goto my account-->Click on Login.. 
11:01:16.622 [main] DEBUG - Parsing relationship: /xl/_rels/workbook.xml.rels
11:01:16.626 [main] DEBUG - Parsing relationship: /xl/worksheets/_rels/sheet1.xml.rels
11:01:16.630 [main] DEBUG - Parsing relationship: /_rels/.rels
11:01:16.675 [main] DEBUG - using default POIXMLDocumentPart for http://schemas.openxmlformats.org/officeDocument/2006/relationships/printerSettings
11:20:26.622 [main] INFO  - Goto my account-->Click on Login.. 
11:20:27.136 [main] INFO  - Entering email and password.. 
11:20:28.339 [main] INFO  - clicked on login button...
11:21:09.205 [main] INFO  - Goto my account-->Click on Login.. 
11:21:09.734 [main] INFO  - Entering email and password.. 
11:21:11.053 [main] INFO  - clicked on login button...
12:14:49.360 [main] INFO  - Goto my account-->Click on Login.. 
12:14:50.511 [main] INFO  - Entering email and password.. 
12:14:53.658 [main] INFO  - clicked on login button...
12:22:40.173 [main] INFO  - Goto my account-->Click on Login.. 
12:22:41.259 [main] INFO  - Entering email and password.. 
12:22:43.256 [main] INFO  - clicked on login button...
12:31:18.265 [main] INFO  - Goto my account-->Click on Login.. 
12:31:19.517 [main] INFO  - Entering email and password.. 
12:31:22.490 [main] INFO  - clicked on login button...
